INFO:sim:172 - Generating IP...
Applying current project options...
Finished applying current project options.
Resolving generics for 'fifo_loader'...
WARNING:sim - A core named 'fifo_loader' already exists in the project. Output
   products for this core may be overwritten.
Applying external generics to 'fifo_loader'...
Delivering associated files for 'fifo_loader'...
Delivering EJava files for 'fifo_loader'...
Generating implementation netlist for 'fifo_loader'...
INFO:sim - Pre-processing HDL files for 'fifo_loader'...
WARNING:sim - BlackBox generator run option '-ifmt' found multiple times. Only
   the first occurence is considered.
Running synthesis for 'fifo_loader'
Running ngcbuild...
Writing VEO instantiation template for 'fifo_loader'...
Writing Verilog behavioral simulation model for 'fifo_loader'...
WARNING:sim - Overwriting existing file
   /home/avlixa/FPGA/ZXDOS/VideoPac-ZXDOS/syn/zxdos_lx25/bld/ipcore_dir/tmp/_cg/
   fifo_loader/doc/fifo_generator_v9_3_vinfo.html with file from view
   xilinx_documentation
Delivered 3 files into directory
/home/avlixa/FPGA/ZXDOS/VideoPac-ZXDOS/syn/zxdos_lx25/bld/ipcore_dir/tmp/_cg/fif
o_loader
Delivered 1 file into directory
/home/avlixa/FPGA/ZXDOS/VideoPac-ZXDOS/syn/zxdos_lx25/bld/ipcore_dir/tmp/_cg/fif
o_loader
Generating ASY schematic symbol...
INFO:sim:949 - Finished generation of ASY schematic symbol.
Generating SYM schematic symbol for 'fifo_loader'...
Generating metadata file...
Regenerating ISE project file for 'fifo_loader'...
Generating ISE project...
XCO file found: fifo_loader.xco
XMDF file found: fifo_loader_xmdf.tcl
Adding
/home/avlixa/FPGA/ZXDOS/VideoPac-ZXDOS/syn/zxdos_lx25/bld/ipcore_dir/tmp/_cg/fif
o_loader.asy -view all -origin_type imported
Adding
/home/avlixa/FPGA/ZXDOS/VideoPac-ZXDOS/syn/zxdos_lx25/bld/ipcore_dir/tmp/_cg/fif
o_loader.ngc -view all -origin_type created
Checking file
"/home/avlixa/FPGA/ZXDOS/VideoPac-ZXDOS/syn/zxdos_lx25/bld/ipcore_dir/tmp/_cg/fi
fo_loader.ngc" for project device match ...
File
"/home/avlixa/FPGA/ZXDOS/VideoPac-ZXDOS/syn/zxdos_lx25/bld/ipcore_dir/tmp/_cg/fi
fo_loader.ngc" device information matches project device.
Adding
/home/avlixa/FPGA/ZXDOS/VideoPac-ZXDOS/syn/zxdos_lx25/bld/ipcore_dir/tmp/_cg/fif
o_loader.sym -view all -origin_type imported
Adding
/home/avlixa/FPGA/ZXDOS/VideoPac-ZXDOS/syn/zxdos_lx25/bld/ipcore_dir/tmp/_cg/fif
o_loader.v -view all -origin_type created
INFO:HDLCompiler:1845 - Analyzing Verilog file
   "/home/avlixa/FPGA/ZXDOS/VideoPac-ZXDOS/syn/zxdos_lx25/bld/ipcore_dir/tmp/_cg
   /fifo_loader.v" into library work
INFO:ProjectMgmt - Parsing design hierarchy completed successfully.
Adding
/home/avlixa/FPGA/ZXDOS/VideoPac-ZXDOS/syn/zxdos_lx25/bld/ipcore_dir/tmp/_cg/fif
o_loader.veo -view all -origin_type imported
INFO:TclTasksC:2116 - The automatic calculation of top has been turned-off.
   Please set the new top explicitly by running the "project set top" command.
   To re-calculate the new top automatically, set the "Auto Implementation Top"
   property to true.
Top level has been set to "/fifo_loader"
Generating README file...
Generating FLIST file...
INFO:sim:948 - Finished FLIST file generation.
Moving files to output directory...
Finished moving files to output directory
Wrote CGP file for project 'fifo_loader'.
